[0.808s] Invoking command in '/home/sondre/ros2_ws/src/my_package': PYTHONPATH=/home/sondre/ros2_ws/src/build/my_package/prefix_override:/home/sondre/ros2_ws/src/install/my_package/lib/python3.10/site-packages:${PYTHONPATH} /usr/bin/python3 setup.py egg_info --egg-base ../build/my_package build --build-base /home/sondre/ros2_ws/src/build/my_package/build install --record /home/sondre/ros2_ws/src/build/my_package/install.log --single-version-externally-managed
[1.049s] running egg_info
[1.050s] writing ../build/my_package/my_package.egg-info/PKG-INFO
[1.050s] writing dependency_links to ../build/my_package/my_package.egg-info/dependency_links.txt
[1.050s] writing entry points to ../build/my_package/my_package.egg-info/entry_points.txt
[1.050s] writing requirements to ../build/my_package/my_package.egg-info/requires.txt
[1.050s] writing top-level names to ../build/my_package/my_package.egg-info/top_level.txt
[1.053s] reading manifest file '../build/my_package/my_package.egg-info/SOURCES.txt'
[1.055s] writing manifest file '../build/my_package/my_package.egg-info/SOURCES.txt'
[1.055s] running build
[1.055s] running build_py
[1.055s] running install
[1.055s] /usr/lib/python3/dist-packages/setuptools/command/install.py:34: SetuptoolsDeprecationWarning: setup.py install is deprecated. Use build and pip and other standards-based tools.
[1.055s]   warnings.warn(
[1.056s] running install_lib
[1.057s] running install_data
[1.058s] running install_egg_info
[1.060s] removing '/home/sondre/ros2_ws/src/install/my_package/lib/python3.10/site-packages/my_package-0.0.0-py3.10.egg-info' (and everything under it)
[1.060s] Copying ../build/my_package/my_package.egg-info to /home/sondre/ros2_ws/src/install/my_package/lib/python3.10/site-packages/my_package-0.0.0-py3.10.egg-info
[1.061s] running install_scripts
[1.083s] Installing my_node script to /home/sondre/ros2_ws/src/install/my_package/lib/my_package
[1.083s] writing list of installed files to '/home/sondre/ros2_ws/src/build/my_package/install.log'
[1.109s] Invoked command in '/home/sondre/ros2_ws/src/my_package' returned '0': PYTHONPATH=/home/sondre/ros2_ws/src/build/my_package/prefix_override:/home/sondre/ros2_ws/src/install/my_package/lib/python3.10/site-packages:${PYTHONPATH} /usr/bin/python3 setup.py egg_info --egg-base ../build/my_package build --build-base /home/sondre/ros2_ws/src/build/my_package/build install --record /home/sondre/ros2_ws/src/build/my_package/install.log --single-version-externally-managed
