[1.040s] DEBUG:colcon:Command line arguments: ['/usr/bin/colcon', 'build']
[1.040s] DEBUG:colcon:Parsed command line arguments: Namespace(log_base=None, log_level=None, verb_name='build', build_base='build', install_base='install', merge_install=False, symlink_install=False, test_result_base=None, continue_on_error=False, executor='parallel', parallel_workers=4, event_handlers=None, ignore_user_meta=False, metas=['./colcon.meta'], base_paths=['.'], packages_ignore=None, packages_ignore_regex=None, paths=None, packages_up_to=None, packages_up_to_regex=None, packages_above=None, packages_above_and_dependencies=None, packages_above_depth=None, packages_select_by_dep=None, packages_skip_by_dep=None, packages_skip_up_to=None, packages_select_build_failed=False, packages_skip_build_finished=False, packages_select_test_failures=False, packages_skip_test_passed=False, packages_select=None, packages_skip=None, packages_select_regex=None, packages_skip_regex=None, packages_start=None, packages_end=None, allow_overriding=[], cmake_args=None, cmake_target=None, cmake_target_skip_unavailable=False, cmake_clean_cache=False, cmake_clean_first=False, cmake_force_configure=False, ament_cmake_args=None, catkin_cmake_args=None, catkin_skip_building_tests=False, verb_parser=<colcon_defaults.argument_parser.defaults.DefaultArgumentsDecorator object at 0x7fc4c4a15750>, verb_extension=<colcon_core.verb.build.BuildVerb object at 0x7fc4c49b5150>, main=<bound method BuildVerb.main of <colcon_core.verb.build.BuildVerb object at 0x7fc4c49b5150>>)
[1.164s] Level 1:colcon.colcon_core.package_discovery:discover_packages(colcon_meta) check parameters
[1.164s] Level 1:colcon.colcon_core.package_discovery:discover_packages(recursive) check parameters
[1.164s] Level 1:colcon.colcon_core.package_discovery:discover_packages(ignore) check parameters
[1.164s] Level 1:colcon.colcon_core.package_discovery:discover_packages(path) check parameters
[1.164s] Level 1:colcon.colcon_core.package_discovery:discover_packages(colcon_meta) discover
[1.164s] Level 1:colcon.colcon_core.package_discovery:discover_packages(recursive) discover
[1.164s] INFO:colcon.colcon_core.package_discovery:Crawling recursively for packages in '/home/sondre/ros2_ws/src'
[1.164s] Level 1:colcon.colcon_core.package_identification:_identify(.) by extensions ['ignore', 'ignore_ament_install']
[1.164s] Level 1:colcon.colcon_core.package_identification:_identify(.) by extension 'ignore'
[1.164s] Level 1:colcon.colcon_core.package_identification:_identify(.) by extension 'ignore_ament_install'
[1.164s] Level 1:colcon.colcon_core.package_identification:_identify(.) by extensions ['colcon_pkg']
[1.164s] Level 1:colcon.colcon_core.package_identification:_identify(.) by extension 'colcon_pkg'
[1.165s] Level 1:colcon.colcon_core.package_identification:_identify(.) by extensions ['colcon_meta']
[1.165s] Level 1:colcon.colcon_core.package_identification:_identify(.) by extension 'colcon_meta'
[1.165s] Level 1:colcon.colcon_core.package_identification:_identify(.) by extensions ['ros']
[1.165s] Level 1:colcon.colcon_core.package_identification:_identify(.) by extension 'ros'
[1.177s] Level 1:colcon.colcon_core.package_identification:_identify(.) by extensions ['cmake', 'python']
[1.177s] Level 1:colcon.colcon_core.package_identification:_identify(.) by extension 'cmake'
[1.177s] Level 1:colcon.colcon_core.package_identification:_identify(.) by extension 'python'
[1.177s] Level 1:colcon.colcon_core.package_identification:_identify(.) by extensions ['python_setup_py']
[1.177s] Level 1:colcon.colcon_core.package_identification:_identify(.) by extension 'python_setup_py'
[1.177s] Level 1:colcon.colcon_core.package_identification:_identify(build) by extensions ['ignore', 'ignore_ament_install']
[1.177s] Level 1:colcon.colcon_core.package_identification:_identify(build) by extension 'ignore'
[1.177s] Level 1:colcon.colcon_core.package_identification:_identify(build) ignored
[1.177s] Level 1:colcon.colcon_core.package_identification:_identify(install) by extensions ['ignore', 'ignore_ament_install']
[1.177s] Level 1:colcon.colcon_core.package_identification:_identify(install) by extension 'ignore'
[1.177s] Level 1:colcon.colcon_core.package_identification:_identify(install) ignored
[1.178s] Level 1:colcon.colcon_core.package_identification:_identify(log) by extensions ['ignore', 'ignore_ament_install']
[1.178s] Level 1:colcon.colcon_core.package_identification:_identify(log) by extension 'ignore'
[1.178s] Level 1:colcon.colcon_core.package_identification:_identify(log) ignored
[1.178s] Level 1:colcon.colcon_core.package_identification:_identify(my_package) by extensions ['ignore', 'ignore_ament_install']
[1.178s] Level 1:colcon.colcon_core.package_identification:_identify(my_package) by extension 'ignore'
[1.178s] Level 1:colcon.colcon_core.package_identification:_identify(my_package) by extension 'ignore_ament_install'
[1.178s] Level 1:colcon.colcon_core.package_identification:_identify(my_package) by extensions ['colcon_pkg']
[1.178s] Level 1:colcon.colcon_core.package_identification:_identify(my_package) by extension 'colcon_pkg'
[1.178s] Level 1:colcon.colcon_core.package_identification:_identify(my_package) by extensions ['colcon_meta']
[1.178s] Level 1:colcon.colcon_core.package_identification:_identify(my_package) by extension 'colcon_meta'
[1.178s] Level 1:colcon.colcon_core.package_identification:_identify(my_package) by extensions ['ros']
[1.178s] Level 1:colcon.colcon_core.package_identification:_identify(my_package) by extension 'ros'
[1.181s] DEBUG:colcon.colcon_core.package_identification:Package 'my_package' with type 'ros.ament_python' and name 'my_package'
[1.181s] Level 1:colcon.colcon_core.package_discovery:discover_packages(recursive) using defaults
[1.181s] Level 1:colcon.colcon_core.package_discovery:discover_packages(ignore) discover
[1.181s] Level 1:colcon.colcon_core.package_discovery:discover_packages(ignore) using defaults
[1.181s] Level 1:colcon.colcon_core.package_discovery:discover_packages(path) discover
[1.181s] Level 1:colcon.colcon_core.package_discovery:discover_packages(path) using defaults
[1.270s] Level 1:colcon.colcon_core.package_discovery:discover_packages(prefix_path) check parameters
[1.270s] Level 1:colcon.colcon_core.package_discovery:discover_packages(prefix_path) discover
[1.300s] DEBUG:colcon.colcon_installed_package_information.package_discovery:Found 270 installed packages in /opt/ros/humble
[1.302s] Level 1:colcon.colcon_core.package_discovery:discover_packages(prefix_path) using defaults
[1.396s] Level 5:colcon.colcon_core.verb:set package 'my_package' build argument 'cmake_args' from command line to 'None'
[1.396s] Level 5:colcon.colcon_core.verb:set package 'my_package' build argument 'cmake_target' from command line to 'None'
[1.396s] Level 5:colcon.colcon_core.verb:set package 'my_package' build argument 'cmake_target_skip_unavailable' from command line to 'False'
[1.396s] Level 5:colcon.colcon_core.verb:set package 'my_package' build argument 'cmake_clean_cache' from command line to 'False'
[1.396s] Level 5:colcon.colcon_core.verb:set package 'my_package' build argument 'cmake_clean_first' from command line to 'False'
[1.396s] Level 5:colcon.colcon_core.verb:set package 'my_package' build argument 'cmake_force_configure' from command line to 'False'
[1.396s] Level 5:colcon.colcon_core.verb:set package 'my_package' build argument 'ament_cmake_args' from command line to 'None'
[1.396s] Level 5:colcon.colcon_core.verb:set package 'my_package' build argument 'catkin_cmake_args' from command line to 'None'
[1.396s] Level 5:colcon.colcon_core.verb:set package 'my_package' build argument 'catkin_skip_building_tests' from command line to 'False'
[1.396s] DEBUG:colcon.colcon_core.verb:Building package 'my_package' with the following arguments: {'ament_cmake_args': None, 'build_base': '/home/sondre/ros2_ws/src/build/my_package', 'catkin_cmake_args': None, 'catkin_skip_building_tests': False, 'cmake_args': None, 'cmake_clean_cache': False, 'cmake_clean_first': False, 'cmake_force_configure': False, 'cmake_target': None, 'cmake_target_skip_unavailable': False, 'install_base': '/home/sondre/ros2_ws/src/install/my_package', 'merge_install': False, 'path': '/home/sondre/ros2_ws/src/my_package', 'symlink_install': False, 'test_result_base': None}
[1.410s] INFO:colcon.colcon_core.executor:Executing jobs using 'parallel' executor
[1.425s] DEBUG:colcon.colcon_parallel_executor.executor.parallel:run_until_complete
[1.425s] INFO:colcon.colcon_ros.task.ament_python.build:Building ROS package in '/home/sondre/ros2_ws/src/my_package' with build type 'ament_python'
[1.425s] Level 1:colcon.colcon_core.shell:create_environment_hook('my_package', 'ament_prefix_path')
[1.443s] INFO:colcon.colcon_core.plugin_system:Skipping extension 'colcon_core.shell.bat': Not used on non-Windows systems
[1.443s] INFO:colcon.colcon_core.shell:Creating environment hook '/home/sondre/ros2_ws/src/install/my_package/share/my_package/hook/ament_prefix_path.ps1'
[1.444s] INFO:colcon.colcon_core.shell:Creating environment descriptor '/home/sondre/ros2_ws/src/install/my_package/share/my_package/hook/ament_prefix_path.dsv'
[1.444s] INFO:colcon.colcon_core.shell:Creating environment hook '/home/sondre/ros2_ws/src/install/my_package/share/my_package/hook/ament_prefix_path.sh'
[1.462s] INFO:colcon.colcon_core.shell:Skip shell extension 'powershell' for command environment: Not usable outside of PowerShell
[1.462s] DEBUG:colcon.colcon_core.shell:Skip shell extension 'dsv' for command environment
[1.760s] INFO:colcon.colcon_core.task.python.build:Building Python package in '/home/sondre/ros2_ws/src/my_package'
[1.774s] INFO:colcon.colcon_core.shell:Skip shell extension 'powershell' for command environment: Not usable outside of PowerShell
[1.774s] DEBUG:colcon.colcon_core.shell:Skip shell extension 'dsv' for command environment
[2.234s] DEBUG:colcon.colcon_core.event_handler.log_command:Invoking command in '/home/sondre/ros2_ws/src/my_package': PYTHONPATH=/home/sondre/ros2_ws/src/build/my_package/prefix_override:/home/sondre/ros2_ws/src/install/my_package/lib/python3.10/site-packages:${PYTHONPATH} /usr/bin/python3 setup.py egg_info --egg-base ../build/my_package build --build-base /home/sondre/ros2_ws/src/build/my_package/build install --record /home/sondre/ros2_ws/src/build/my_package/install.log --single-version-externally-managed
[2.534s] DEBUG:colcon.colcon_core.event_handler.log_command:Invoked command in '/home/sondre/ros2_ws/src/my_package' returned '0': PYTHONPATH=/home/sondre/ros2_ws/src/build/my_package/prefix_override:/home/sondre/ros2_ws/src/install/my_package/lib/python3.10/site-packages:${PYTHONPATH} /usr/bin/python3 setup.py egg_info --egg-base ../build/my_package build --build-base /home/sondre/ros2_ws/src/build/my_package/build install --record /home/sondre/ros2_ws/src/build/my_package/install.log --single-version-externally-managed
[2.550s] Level 1:colcon.colcon_core.environment:checking '/home/sondre/ros2_ws/src/install/my_package' for CMake module files
[2.551s] Level 1:colcon.colcon_core.environment:checking '/home/sondre/ros2_ws/src/install/my_package' for CMake config files
[2.551s] Level 1:colcon.colcon_core.environment:checking '/home/sondre/ros2_ws/src/install/my_package/lib'
[2.552s] Level 1:colcon.colcon_core.environment:checking '/home/sondre/ros2_ws/src/install/my_package/bin'
[2.552s] Level 1:colcon.colcon_core.environment:checking '/home/sondre/ros2_ws/src/install/my_package/lib/pkgconfig/my_package.pc'
[2.552s] Level 1:colcon.colcon_core.environment:checking '/home/sondre/ros2_ws/src/install/my_package/lib/python3.10/site-packages'
[2.552s] Level 1:colcon.colcon_core.shell:create_environment_hook('my_package', 'pythonpath')
[2.567s] INFO:colcon.colcon_core.shell:Creating environment hook '/home/sondre/ros2_ws/src/install/my_package/share/my_package/hook/pythonpath.ps1'
[2.567s] INFO:colcon.colcon_core.shell:Creating environment descriptor '/home/sondre/ros2_ws/src/install/my_package/share/my_package/hook/pythonpath.dsv'
[2.567s] INFO:colcon.colcon_core.shell:Creating environment hook '/home/sondre/ros2_ws/src/install/my_package/share/my_package/hook/pythonpath.sh'
[2.568s] Level 1:colcon.colcon_core.environment:checking '/home/sondre/ros2_ws/src/install/my_package/bin'
[2.568s] Level 1:colcon.colcon_core.environment:create_environment_scripts_only(my_package)
[2.583s] INFO:colcon.colcon_core.shell:Creating package script '/home/sondre/ros2_ws/src/install/my_package/share/my_package/package.ps1'
[2.585s] INFO:colcon.colcon_core.shell:Creating package descriptor '/home/sondre/ros2_ws/src/install/my_package/share/my_package/package.dsv'
[2.585s] INFO:colcon.colcon_core.shell:Creating package script '/home/sondre/ros2_ws/src/install/my_package/share/my_package/package.sh'
[2.586s] INFO:colcon.colcon_core.shell:Creating package script '/home/sondre/ros2_ws/src/install/my_package/share/my_package/package.bash'
[2.587s] INFO:colcon.colcon_core.shell:Creating package script '/home/sondre/ros2_ws/src/install/my_package/share/my_package/package.zsh'
[2.588s] Level 1:colcon.colcon_core.environment:create_file_with_runtime_dependencies(/home/sondre/ros2_ws/src/install/my_package/share/colcon-core/packages/my_package)
[2.588s] DEBUG:colcon.colcon_parallel_executor.executor.parallel:closing loop
[2.588s] DEBUG:colcon.colcon_parallel_executor.executor.parallel:loop closed
[2.588s] DEBUG:colcon.colcon_parallel_executor.executor.parallel:run_until_complete finished with '0'
[2.588s] DEBUG:colcon.colcon_core.event_reactor:joining thread
[2.613s] INFO:colcon.colcon_core.plugin_system:Skipping extension 'colcon_notification.desktop_notification.terminal_notifier': Not used on non-Darwin systems
[2.613s] INFO:colcon.colcon_core.plugin_system:Skipping extension 'colcon_notification.desktop_notification.win32': Not used on non-Windows systems
[2.613s] INFO:colcon.colcon_notification.desktop_notification:Sending desktop notification using 'notify2'
[2.626s] DEBUG:colcon.colcon_core.event_reactor:joined thread
[2.648s] INFO:colcon.colcon_core.shell:Creating prefix script '/home/sondre/ros2_ws/src/install/local_setup.ps1'
[2.649s] INFO:colcon.colcon_core.shell:Creating prefix util module '/home/sondre/ros2_ws/src/install/_local_setup_util_ps1.py'
[2.650s] INFO:colcon.colcon_core.shell:Creating prefix chain script '/home/sondre/ros2_ws/src/install/setup.ps1'
[2.669s] INFO:colcon.colcon_core.shell:Creating prefix script '/home/sondre/ros2_ws/src/install/local_setup.sh'
[2.669s] INFO:colcon.colcon_core.shell:Creating prefix util module '/home/sondre/ros2_ws/src/install/_local_setup_util_sh.py'
[2.670s] INFO:colcon.colcon_core.shell:Creating prefix chain script '/home/sondre/ros2_ws/src/install/setup.sh'
[2.686s] INFO:colcon.colcon_core.shell:Creating prefix script '/home/sondre/ros2_ws/src/install/local_setup.bash'
[2.687s] INFO:colcon.colcon_core.shell:Creating prefix chain script '/home/sondre/ros2_ws/src/install/setup.bash'
[2.711s] INFO:colcon.colcon_core.shell:Creating prefix script '/home/sondre/ros2_ws/src/install/local_setup.zsh'
[2.712s] INFO:colcon.colcon_core.shell:Creating prefix chain script '/home/sondre/ros2_ws/src/install/setup.zsh'
