[1.011s] Invoking command in '/home/sondre/ros2_ws/src/my_package': PYTHONPATH=/home/sondre/ros2_ws/src/build/my_package/prefix_override:/home/sondre/ros2_ws/src/install/my_package/lib/python3.10/site-packages:${PYTHONPATH} /usr/bin/python3 setup.py egg_info --egg-base ../build/my_package build --build-base /home/sondre/ros2_ws/src/build/my_package/build install --record /home/sondre/ros2_ws/src/build/my_package/install.log --single-version-externally-managed
[1.241s] running egg_info
[1.242s] creating ../build/my_package/my_package.egg-info
[1.242s] writing ../build/my_package/my_package.egg-info/PKG-INFO
[1.242s] writing dependency_links to ../build/my_package/my_package.egg-info/dependency_links.txt
[1.243s] writing entry points to ../build/my_package/my_package.egg-info/entry_points.txt
[1.243s] writing requirements to ../build/my_package/my_package.egg-info/requires.txt
[1.243s] writing top-level names to ../build/my_package/my_package.egg-info/top_level.txt
[1.243s] writing manifest file '../build/my_package/my_package.egg-info/SOURCES.txt'
[1.245s] reading manifest file '../build/my_package/my_package.egg-info/SOURCES.txt'
[1.246s] writing manifest file '../build/my_package/my_package.egg-info/SOURCES.txt'
[1.246s] running build
[1.246s] running build_py
[1.246s] creating /home/sondre/ros2_ws/src/build/my_package/build
[1.246s] creating /home/sondre/ros2_ws/src/build/my_package/build/lib
[1.246s] creating /home/sondre/ros2_ws/src/build/my_package/build/lib/my_package
[1.246s] copying my_package/my_node.py -> /home/sondre/ros2_ws/src/build/my_package/build/lib/my_package
[1.306s] copying my_package/__init__.py -> /home/sondre/ros2_ws/src/build/my_package/build/lib/my_package
[1.306s] running install
[1.307s] /usr/lib/python3/dist-packages/setuptools/command/install.py:34: SetuptoolsDeprecationWarning: setup.py install is deprecated. Use build and pip and other standards-based tools.
[1.307s]   warnings.warn(
[1.308s] running install_lib
[1.309s] creating /home/sondre/ros2_ws/src/install/my_package/lib/python3.10/site-packages/my_package
[1.310s] copying /home/sondre/ros2_ws/src/build/my_package/build/lib/my_package/my_node.py -> /home/sondre/ros2_ws/src/install/my_package/lib/python3.10/site-packages/my_package
[1.310s] copying /home/sondre/ros2_ws/src/build/my_package/build/lib/my_package/__init__.py -> /home/sondre/ros2_ws/src/install/my_package/lib/python3.10/site-packages/my_package
[1.310s] byte-compiling /home/sondre/ros2_ws/src/install/my_package/lib/python3.10/site-packages/my_package/my_node.py to my_node.cpython-310.pyc
[1.311s] byte-compiling /home/sondre/ros2_ws/src/install/my_package/lib/python3.10/site-packages/my_package/__init__.py to __init__.cpython-310.pyc
[1.311s] running install_data
[1.312s] creating /home/sondre/ros2_ws/src/install/my_package/share/ament_index
[1.312s] creating /home/sondre/ros2_ws/src/install/my_package/share/ament_index/resource_index
[1.312s] creating /home/sondre/ros2_ws/src/install/my_package/share/ament_index/resource_index/packages
[1.312s] copying resource/my_package -> /home/sondre/ros2_ws/src/install/my_package/share/ament_index/resource_index/packages
[1.312s] copying package.xml -> /home/sondre/ros2_ws/src/install/my_package/share/my_package
[1.313s] running install_egg_info
[1.315s] Copying ../build/my_package/my_package.egg-info to /home/sondre/ros2_ws/src/install/my_package/lib/python3.10/site-packages/my_package-0.0.0-py3.10.egg-info
[1.317s] running install_scripts
[1.359s] Installing my_node script to /home/sondre/ros2_ws/src/install/my_package/lib/my_package
[1.359s] writing list of installed files to '/home/sondre/ros2_ws/src/build/my_package/install.log'
[1.398s] Invoked command in '/home/sondre/ros2_ws/src/my_package' returned '0': PYTHONPATH=/home/sondre/ros2_ws/src/build/my_package/prefix_override:/home/sondre/ros2_ws/src/install/my_package/lib/python3.10/site-packages:${PYTHONPATH} /usr/bin/python3 setup.py egg_info --egg-base ../build/my_package build --build-base /home/sondre/ros2_ws/src/build/my_package/build install --record /home/sondre/ros2_ws/src/build/my_package/install.log --single-version-externally-managed
